cat,project,vivl,vivil,linl,linil
-,rw-add2,1802,6,1802,6
-,rw-add2-np,9553,6,9544,6
-,rw-add2-np2,7377,6,7368,6
-,rw-add2-np3,5474,6,5466,6
-,rw-seq,150661,147,148613,145
u2,rw-add2,69761,545,52098,407
u2,rw-add2-np,143881,545,108544,407
u2,rw-add2-np2,141705,545,106368,407
u2,rw-add2-np3,141705,545,106360,407
u2p,rw-add2,35073,274,35074,274
u2p,rw-add2-np,74505,274,72773,275
u2p,rw-add2-np2,72329,274,70714,275
u2p,rw-add2-np3,72329,274,70706,275
U2,rw-add2-np,8473,6,8996,6
U2p,rw-add2-np,7393,6,6977,6
b,rw-add2,650,6,650,6
b,rw-add2-np,35793,274,3373,6
b,rw-add2-np2,35368,274,2378,6
b,rw-add2-np3,35368,274,2376,6
p,rw-add2,528,7,529,272
